1632728412683	geckodriver	INFO	Listening on 127.0.0.1:63234
1632728415735	mozrunner::runner	INFO	Running command: "C:\\Program Files\\Mozilla Firefox\\firefox.exe" "--marionette" "-no-remote" "-profile" "C:\\Users\\user\\AppData\\Local\\Temp\\rust_mozprofileTDqEOK"
1632728425576	geckodriver	INFO	Listening on 127.0.0.1:63086
1632728428607	mozrunner::runner	INFO	Running command: "C:\\Program Files\\Mozilla Firefox\\firefox.exe" "--marionette" "-no-remote" "-profile" "C:\\Users\\user\\AppData\\Local\\Temp\\rust_mozprofilejbAwGg"
1632728446702	Marionette	INFO	Marionette enabled
console.warn: SearchSettings: "get: No settings file exists, new profile?" (new NotFoundError("Could not open the file at C:\\Users\\user\\AppData\\Local\\Temp\\rust_mozprofilejbAwGg\\search.json.mozlz4", (void 0)))
console.error: Region.jsm: "Error fetching region" (new Error("TIMEOUT", "resource://gre/modules/Region.jsm", 772))
console.error: Region.jsm: "Failed to fetch region" (new Error("TIMEOUT", "resource://gre/modules/Region.jsm", 419))
1632728473778	Marionette	INFO	Listening on port 57073
1632728475857	RemoteAgent	WARN	TLS certificate errors will be ignored for this session
1632728486555	Marionette	INFO	Stopped listening on port 57073
JavaScript error: resource:///modules/Interactions.jsm, line 230: NS_ERROR_FAILURE: Component returned failure code: 0x80004005 (NS_ERROR_FAILURE) [nsIUserIdleService.removeIdleObserver]
console.error: PushService: 
  clearOriginData: Error clearing origin data:
  TypeError
1632728495743	geckodriver	INFO	Listening on 127.0.0.1:50166
1632728498767	mozrunner::runner	INFO	Running command: "C:\\Program Files\\Mozilla Firefox\\firefox.exe" "--marionette" "-no-remote" "-profile" "C:\\Users\\user\\AppData\\Local\\Temp\\rust_mozprofile0Ln6rE"
1632728500977	Marionette	INFO	Marionette enabled
console.warn: SearchSettings: "get: No settings file exists, new profile?" (new NotFoundError("Could not open the file at C:\\Users\\user\\AppData\\Local\\Temp\\rust_mozprofile0Ln6rE\\search.json.mozlz4", (void 0)))
1632728512304	Marionette	INFO	Listening on port 50176
console.error: Region.jsm: "Error fetching region" (new Error("TIMEOUT", "resource://gre/modules/Region.jsm", 772))
console.error: Region.jsm: "Failed to fetch region" (new Error("TIMEOUT", "resource://gre/modules/Region.jsm", 419))
1632728513453	RemoteAgent	WARN	TLS certificate errors will be ignored for this session
1632728530606	Marionette	INFO	Stopped listening on port 50176
JavaScript error: resource:///modules/Interactions.jsm, line 230: NS_ERROR_FAILURE: Component returned failure code: 0x80004005 (NS_ERROR_FAILURE) [nsIUserIdleService.removeIdleObserver]
console.error: PushService: 
  clearOriginData: Error clearing origin data:
  TypeError
[Parent 17744, IPC I/O Parent] WARNING: file /builds/worker/checkouts/gecko/ipc/chromium/src/base/process_util_win.cc:167
JavaScript error: resource://gre/modules/PromiseWorker.jsm, line 106: Error: IOUtils: Shutting down and refusing additional I/O tasks
1632728759093	geckodriver	INFO	Listening on 127.0.0.1:50754
1632728762144	mozrunner::runner	INFO	Running command: "C:\\Program Files\\Mozilla Firefox\\firefox.exe" "--marionette" "-no-remote" "-profile" "C:\\Users\\user\\AppData\\Local\\Temp\\rust_mozprofiledw6Lit"
1632728763740	Marionette	INFO	Marionette enabled
console.warn: SearchSettings: "get: No settings file exists, new profile?" (new NotFoundError("Could not open the file at C:\\Users\\user\\AppData\\Local\\Temp\\rust_mozprofiledw6Lit\\search.json.mozlz4", (void 0)))
1632728772282	Marionette	INFO	Listening on port 50762
1632728772898	RemoteAgent	WARN	TLS certificate errors will be ignored for this session
1632728779294	Marionette	INFO	Stopped listening on port 50762
JavaScript error: resource:///modules/Interactions.jsm, line 230: NS_ERROR_FAILURE: Component returned failure code: 0x80004005 (NS_ERROR_FAILURE) [nsIUserIdleService.removeIdleObserver]

###!!! [Child][MessageChannel] Error: (msgtype=0x590008,name=PHttpChannel::Msg_DeletingChannel) Channel closing: too late to send/recv, messages will be lost

1632728781407	geckodriver	INFO	Listening on 127.0.0.1:50811
1632728784465	mozrunner::runner	INFO	Running command: "C:\\Program Files\\Mozilla Firefox\\firefox.exe" "--marionette" "-no-remote" "-profile" "C:\\Users\\user\\AppData\\Local\\Temp\\rust_mozprofileR0PZ9B"
1632728785730	Marionette	INFO	Marionette enabled
console.warn: SearchSettings: "get: No settings file exists, new profile?" (new NotFoundError("Could not open the file at C:\\Users\\user\\AppData\\Local\\Temp\\rust_mozprofileR0PZ9B\\search.json.mozlz4", (void 0)))
1632728792557	Marionette	INFO	Listening on port 51460
1632728792992	RemoteAgent	WARN	TLS certificate errors will be ignored for this session
1632728802269	Marionette	INFO	Stopped listening on port 51460
JavaScript error: resource:///modules/Interactions.jsm, line 230: NS_ERROR_FAILURE: Component returned failure code: 0x80004005 (NS_ERROR_FAILURE) [nsIUserIdleService.removeIdleObserver]

###!!! [Parent][MessageChannel] Error: (msgtype=0x390077,name=PContent::Msg_DestroyBrowsingContextGroup) Closed channel: cannot send/recv


###!!! [Child][MessageChannel] Error: (msgtype=0x590008,name=PHttpChannel::Msg_DeletingChannel) Channel closing: too late to send/recv, messages will be lost

1632728804753	geckodriver	INFO	Listening on 127.0.0.1:51508
1632728807787	mozrunner::runner	INFO	Running command: "C:\\Program Files\\Mozilla Firefox\\firefox.exe" "--marionette" "-no-remote" "-profile" "C:\\Users\\user\\AppData\\Local\\Temp\\rust_mozprofilebCimyl"
1632728809466	Marionette	INFO	Marionette enabled
console.warn: SearchSettings: "get: No settings file exists, new profile?" (new NotFoundError("Could not open the file at C:\\Users\\user\\AppData\\Local\\Temp\\rust_mozprofilebCimyl\\search.json.mozlz4", (void 0)))
1632728817416	Marionette	INFO	Listening on port 51516
1632728818006	RemoteAgent	WARN	TLS certificate errors will be ignored for this session
1632728974777	Marionette	INFO	Stopped listening on port 51516
JavaScript error: resource:///modules/Interactions.jsm, line 230: NS_ERROR_FAILURE: Component returned failure code: 0x80004005 (NS_ERROR_FAILURE) [nsIUserIdleService.removeIdleObserver]
1632728979671	geckodriver	INFO	Listening on 127.0.0.1:49656
1632728982775	mozrunner::runner	INFO	Running command: "C:\\Program Files\\Mozilla Firefox\\firefox.exe" "--marionette" "-no-remote" "-profile" "C:\\Users\\user\\AppData\\Local\\Temp\\rust_mozprofileXNR1Ng"
1632728984249	Marionette	INFO	Marionette enabled
console.warn: SearchSettings: "get: No settings file exists, new profile?" (new NotFoundError("Could not open the file at C:\\Users\\user\\AppData\\Local\\Temp\\rust_mozprofileXNR1Ng\\search.json.mozlz4", (void 0)))
1632728991412	Marionette	INFO	Listening on port 49669
1632728992171	RemoteAgent	WARN	TLS certificate errors will be ignored for this session
1632729000140	Marionette	INFO	Stopped listening on port 49669
JavaScript error: resource:///modules/Interactions.jsm, line 230: NS_ERROR_FAILURE: Component returned failure code: 0x80004005 (NS_ERROR_FAILURE) [nsIUserIdleService.removeIdleObserver]

###!!! [Parent][MessageChannel] Error: (msgtype=0x390077,name=PContent::Msg_DestroyBrowsingContextGroup) Closed channel: cannot send/recv


###!!! [Child][RunMessage] Error: Channel closing: too late to send/recv, messages will be lost

1632729001776	geckodriver	INFO	Listening on 127.0.0.1:49724
1632729004848	mozrunner::runner	INFO	Running command: "C:\\Program Files\\Mozilla Firefox\\firefox.exe" "--marionette" "-no-remote" "-profile" "C:\\Users\\user\\AppData\\Local\\Temp\\rust_mozprofilev8r3jR"
1632729006110	Marionette	INFO	Marionette enabled
console.warn: SearchSettings: "get: No settings file exists, new profile?" (new NotFoundError("Could not open the file at C:\\Users\\user\\AppData\\Local\\Temp\\rust_mozprofilev8r3jR\\search.json.mozlz4", (void 0)))
1632729013504	Marionette	INFO	Listening on port 49732
1632729013625	RemoteAgent	WARN	TLS certificate errors will be ignored for this session
1632729024964	Marionette	INFO	Stopped listening on port 49732
JavaScript error: resource:///modules/Interactions.jsm, line 230: NS_ERROR_FAILURE: Component returned failure code: 0x80004005 (NS_ERROR_FAILURE) [nsIUserIdleService.removeIdleObserver]

###!!! [Parent][MessageChannel] Error: (msgtype=0x390077,name=PContent::Msg_DestroyBrowsingContextGroup) Closed channel: cannot send/recv

1632729026643	geckodriver	INFO	Listening on 127.0.0.1:57819
1632729029694	mozrunner::runner	INFO	Running command: "C:\\Program Files\\Mozilla Firefox\\firefox.exe" "--marionette" "-no-remote" "-profile" "C:\\Users\\user\\AppData\\Local\\Temp\\rust_mozprofilefwbO9G"
1632729031035	Marionette	INFO	Marionette enabled
console.warn: SearchSettings: "get: No settings file exists, new profile?" (new NotFoundError("Could not open the file at C:\\Users\\user\\AppData\\Local\\Temp\\rust_mozprofilefwbO9G\\search.json.mozlz4", (void 0)))
1632729038042	Marionette	INFO	Listening on port 57827
1632729038565	RemoteAgent	WARN	TLS certificate errors will be ignored for this session
1632729070902	Marionette	INFO	Stopped listening on port 57827
JavaScript error: resource:///modules/Interactions.jsm, line 230: NS_ERROR_FAILURE: Component returned failure code: 0x80004005 (NS_ERROR_FAILURE) [nsIUserIdleService.removeIdleObserver]
JavaScript error: resource://gre/modules/UrlClassifierListManager.jsm, line 691: TypeError: this.tablesData[table] is undefined
1632998929686	geckodriver	INFO	Listening on 127.0.0.1:53851
1632998932724	mozrunner::runner	INFO	Running command: "C:\\Program Files\\Mozilla Firefox\\firefox.exe" "--marionette" "-no-remote" "-profile" "C:\\Users\\user\\AppData\\Local\\Temp\\rust_mozprofile4Nh0Gg"
1632998944979	Marionette	INFO	Marionette enabled
console.warn: SearchSettings: "get: No settings file exists, new profile?" (new NotFoundError("Could not open the file at C:\\Users\\user\\AppData\\Local\\Temp\\rust_mozprofile4Nh0Gg\\search.json.mozlz4", (void 0)))
console.error: Region.jsm: "Error fetching region" (new Error("TIMEOUT", "resource://gre/modules/Region.jsm", 772))
console.error: Region.jsm: "Failed to fetch region" (new Error("TIMEOUT", "resource://gre/modules/Region.jsm", 419))
1632998979561	Marionette	INFO	Listening on port 53859
1632998980459	RemoteAgent	WARN	TLS certificate errors will be ignored for this session
1632998989207	Marionette	INFO	Stopped listening on port 53859
JavaScript error: resource:///modules/Interactions.jsm, line 230: NS_ERROR_FAILURE: Component returned failure code: 0x80004005 (NS_ERROR_FAILURE) [nsIUserIdleService.removeIdleObserver]
1632998993062	geckodriver	INFO	Listening on 127.0.0.1:64571
1632998996040	mozrunner::runner	INFO	Running command: "C:\\Program Files\\Mozilla Firefox\\firefox.exe" "--marionette" "-no-remote" "-profile" "C:\\Users\\user\\AppData\\Local\\Temp\\rust_mozprofilea5k48B"
1632998997822	Marionette	INFO	Marionette enabled
console.warn: SearchSettings: "get: No settings file exists, new profile?" (new NotFoundError("Could not open the file at C:\\Users\\user\\AppData\\Local\\Temp\\rust_mozprofilea5k48B\\search.json.mozlz4", (void 0)))
1632999005030	Marionette	INFO	Listening on port 64579
1632999005221	RemoteAgent	WARN	TLS certificate errors will be ignored for this session
1632999010984	Marionette	INFO	Stopped listening on port 64579
JavaScript error: resource:///modules/Interactions.jsm, line 230: NS_ERROR_FAILURE: Component returned failure code: 0x80004005 (NS_ERROR_FAILURE) [nsIUserIdleService.removeIdleObserver]
JavaScript error: resource://gre/modules/UrlClassifierListManager.jsm, line 691: TypeError: this.tablesData[table] is undefined

###!!! [Parent][MessageChannel] Error: (msgtype=0x390077,name=PContent::Msg_DestroyBrowsingContextGroup) Closed channel: cannot send/recv

JavaScript error: resource://gre/modules/Sqlite.jsm, line 1030: Error: Sqlite.jsm has been shutdown. Cannot open connection to: C:\Users\user\AppData\Local\Temp\rust_mozprofilea5k48B\protections.sqlite
[Parent 9416, IPC I/O Parent] WARNING: file /builds/worker/checkouts/gecko/ipc/chromium/src/base/process_util_win.cc:167
1632999013420	geckodriver	INFO	Listening on 127.0.0.1:60268
1632999016438	mozrunner::runner	INFO	Running command: "C:\\Program Files\\Mozilla Firefox\\firefox.exe" "--marionette" "-no-remote" "-profile" "C:\\Users\\user\\AppData\\Local\\Temp\\rust_mozprofile1QD4dk"
1632999018971	Marionette	INFO	Marionette enabled
console.warn: SearchSettings: "get: No settings file exists, new profile?" (new NotFoundError("Could not open the file at C:\\Users\\user\\AppData\\Local\\Temp\\rust_mozprofile1QD4dk\\search.json.mozlz4", (void 0)))
1632999026317	Marionette	INFO	Listening on port 60276
1632999026727	RemoteAgent	WARN	TLS certificate errors will be ignored for this session
1632999044883	Marionette	INFO	Stopped listening on port 60276
JavaScript error: resource:///modules/Interactions.jsm, line 230: NS_ERROR_FAILURE: Component returned failure code: 0x80004005 (NS_ERROR_FAILURE) [nsIUserIdleService.removeIdleObserver]

###!!! [Parent][MessageChannel] Error: (msgtype=0x390077,name=PContent::Msg_DestroyBrowsingContextGroup) Closed channel: cannot send/recv

